


ARM Macro Assembler    Page 1 


    1 00000000                 AREA             RESET, DATA , READONLY
    2 00000000                 EXPORT           __Vectors
    3 00000000         __Vectors
    4 00000000 10001000        DCD              0X10001000
    5 00000004 00000000        DCD              Reset_Handler
    6 00000008                 ALIGN
    7 00000008                 AREA             codeofmine, CODE, READONLY
    8 00000000         ENTRY
    9 00000000                 EXPORT           Reset_Handler
   10 00000000         Reset_Handler
   11 00000000 F04F 000A       MOV              R0,#10
   12 00000004 F04F 0103       MOV              R1,#3
   13 00000008         ;ADD R0,R1
   14 00000008 E7FE    STOP    B                STOP
   15 0000000A                 END
Command Line: --debug --xref --cpu=Cortex-M3 --apcs=interwork --depend=.\add_ex
2.d -o.\add_ex2.o -IC:\Keil\ARM\RV31\INC -IC:\Keil\ARM\CMSIS\Include -IC:\Keil\
ARM\Inc\NXP\LPC17xx --predefine="__EVAL SETA 1" --list=.\add_ex2.lst add_ex2.s



ARM Macro Assembler    Page 1 Alphabetic symbol ordering
Relocatable symbols

RESET 00000000

Symbol: RESET
   Definitions
      At line 1 in file add_ex2.s
   Uses
      None
Comment: RESET unused
__Vectors 00000000

Symbol: __Vectors
   Definitions
      At line 3 in file add_ex2.s
   Uses
      At line 2 in file add_ex2.s
Comment: __Vectors used once
2 symbols



ARM Macro Assembler    Page 1 Alphabetic symbol ordering
Relocatable symbols

ENTRY 00000000

Symbol: ENTRY
   Definitions
      At line 8 in file add_ex2.s
   Uses
      None
Comment: ENTRY unused
Reset_Handler 00000000

Symbol: Reset_Handler
   Definitions
      At line 10 in file add_ex2.s
   Uses
      At line 5 in file add_ex2.s
      At line 9 in file add_ex2.s

STOP 00000008

Symbol: STOP
   Definitions
      At line 14 in file add_ex2.s
   Uses
      At line 14 in file add_ex2.s
Comment: STOP used once
codeofmine 00000000

Symbol: codeofmine
   Definitions
      At line 7 in file add_ex2.s
   Uses
      None
Comment: codeofmine unused
4 symbols
337 symbols in table
