


ARM Macro Assembler    Page 1 


    1 00000000                 AREA             RESET, DATA, READONLY
    2 00000000                 EXPORT           __Vectors
    3 00000000         
    4 00000000         __Vectors
    5 00000000         
    6 00000000 10001000        DCD              0X10001000
    7 00000004 00000000        DCD              Reset_Handler
    8 00000008                 ALIGN
    9 00000008                 AREA             mycode, CODE, READONLY
   10 00000000                 ENTRY
   11 00000000                 EXPORT           Reset_Handler
   12 00000000         
   13 00000000         Reset_Handler
   14 00000000         
   15 00000000 4E15            LDR              R6,=RESULT
   16 00000002 F04F 0200       MOV              R2,#00
   17 00000006 4815            LDR              R0,=VALUE1
   18 00000008 6801            LDR              R1,[R0]
   19 0000000A 290A    up      CMP              R1,#0xA
   20 0000000C D304            BCC              store
   21 0000000E F1A1 010A       SUB              R1,#0xA
   22 00000012 F102 0201       ADD              R2,#01
   23 00000016 E7F8            B                up
   24 00000018 F806 1B01 
                       store   STRB             R1,[R6],#1
   25 0000001C 4611            MOV              R1,R2
   26 0000001E F04F 0200       MOV              R2,#0
   27 00000022 290A            CMP              R1,#0xA
   28 00000024 D2F1            BCS              up
   29 00000026 7031            STRB             R1,[R6]
   30 00000028 4633            MOV              R3,R6
   31 0000002A 4A0D            LDR              R2,=packed
   32 0000002C 4E0A            LDR              R6,=RESULT
   33 0000002E F102 020A       ADD              R2,#10
   34 00000032 EBA3 0406       SUB              R4,R3,R6
   35 00000036 F816 0B01 
                       up1     LDRB             R0,[R6],#1
   36 0000003A F816 1B01       LDRB             R1,[R6],#1
   37 0000003E EA4F 1101       LSL              R1,#4
   38 00000042 EA41 0100       ORR              R1,R0
   39 00000046 F802 1B01       STRB             R1,[R2],#1
   40 0000004A F1A4 0401       SUB              R4,#1
   41 0000004E 2C02            CMP              R4,#2
   42 00000050 D2F1            BCS              up1
   43 00000052 E7FE    STOP    B                STOP
   44 00000054 0000FFFF 
                       VALUE1  DCD              0xFFFF
   45 00000058 00000000 
              00000000 
              00000000 
              00000000         AREA             mydata, DATA, READWRITE
   46 00000000 00000000 
                       RESULT  DCD              0
   47 00000004 00000000 
                       packed  DCD              0
   48 00000008                 END
Command Line: --debug --xref --cpu=Cortex-M3 --apcs=interwork --depend=.\q2.d -
o.\q2.o -IC:\Keil\ARM\RV31\INC -IC:\Keil\ARM\CMSIS\Include -IC:\Keil\ARM\Inc\NX
P\LPC17xx --predefine="__EVAL SETA 1" --list=.\q2.lst q2.s



ARM Macro Assembler    Page 1 Alphabetic symbol ordering
Relocatable symbols

RESET 00000000

Symbol: RESET
   Definitions
      At line 1 in file q2.s
   Uses
      None
Comment: RESET unused
__Vectors 00000000

Symbol: __Vectors
   Definitions
      At line 4 in file q2.s
   Uses
      At line 2 in file q2.s
Comment: __Vectors used once
2 symbols



ARM Macro Assembler    Page 1 Alphabetic symbol ordering
Relocatable symbols

Reset_Handler 00000000

Symbol: Reset_Handler
   Definitions
      At line 13 in file q2.s
   Uses
      At line 7 in file q2.s
      At line 11 in file q2.s

STOP 00000052

Symbol: STOP
   Definitions
      At line 43 in file q2.s
   Uses
      At line 43 in file q2.s
Comment: STOP used once
VALUE1 00000054

Symbol: VALUE1
   Definitions
      At line 44 in file q2.s
   Uses
      At line 17 in file q2.s
Comment: VALUE1 used once
mycode 00000000

Symbol: mycode
   Definitions
      At line 9 in file q2.s
   Uses
      None
Comment: mycode unused
store 00000018

Symbol: store
   Definitions
      At line 24 in file q2.s
   Uses
      At line 20 in file q2.s
Comment: store used once
up 0000000A

Symbol: up
   Definitions
      At line 19 in file q2.s
   Uses
      At line 23 in file q2.s
      At line 28 in file q2.s

up1 00000036

Symbol: up1
   Definitions
      At line 35 in file q2.s
   Uses
      At line 42 in file q2.s
Comment: up1 used once
7 symbols



ARM Macro Assembler    Page 1 Alphabetic symbol ordering
Relocatable symbols

RESULT 00000000

Symbol: RESULT
   Definitions
      At line 46 in file q2.s
   Uses
      At line 15 in file q2.s
      At line 32 in file q2.s

mydata 00000000

Symbol: mydata
   Definitions
      At line 45 in file q2.s
   Uses
      None
Comment: mydata unused
packed 00000004

Symbol: packed
   Definitions
      At line 47 in file q2.s
   Uses
      At line 31 in file q2.s
Comment: packed used once
3 symbols
345 symbols in table
