


ARM Macro Assembler    Page 1 


    1 00000000                 AREA             RESET, DATA, READONLY
    2 00000000                 EXPORT           __Vectors
    3 00000000         
    4 00000000         __Vectors
    5 00000000         
    6 00000000 10001000        DCD              0X10001000
    7 00000004 00000000        DCD              Reset_Handler
    8 00000008                 ALIGN
    9 00000008                 AREA             mycode, CODE, READONLY
   10 00000000                 ENTRY
   11 00000000                 EXPORT           Reset_Handler
   12 00000000         
   13 00000000         Reset_Handler
   14 00000000         
   15 00000000 480C            LDR              r0,=input
   16 00000002 490D            LDR              r1,=result
   17 00000004 6802            LDR              r2,[r0]
   18 00000006 F000 F802       BL               fact
   19 0000000A 600A            STR              r2,[r1]
   20 0000000C E7FE    stop    B                stop
   21 0000000E B508    fact    PUSH{r3,LR}
   22 00000010 4613            MOV              r3,r2
   23 00000012 2A00            CMP              r2,#0
   24 00000014 D102            BNE              down1
   25 00000016 F04F 0201       MOV              r2,#1
   26 0000001A E006            B                down2
   27 0000001C F1A2 0201 
                       down1   SUB              r2,#1
   28 00000020 F7FF FFF5       BL               fact
   29 00000024 461C            MOV              r4,r3
   30 00000026 FB02 F204       MUL              r2,r4
   31 0000002A E8BD 4008 
                       down2   POP{r3,LR}
   32 0000002E 4770            BX               LR
   33 00000030         
   34 00000030 00000005 
                       input   DCD              0x05
   35 00000034 00000000 
              00000000         AREA             mydata, DATA, READWRITE
   36 00000000 00000000 
                       result  DCD              0
   37 00000004                 END
Command Line: --debug --xref --cpu=Cortex-M3 --apcs=interwork --depend=.\q2.d -
o.\q2.o -IC:\Keil\ARM\RV31\INC -IC:\Keil\ARM\CMSIS\Include -IC:\Keil\ARM\Inc\NX
P\LPC17xx --predefine="__EVAL SETA 1" --list=.\q2.lst q2\q2.s



ARM Macro Assembler    Page 1 Alphabetic symbol ordering
Relocatable symbols

RESET 00000000

Symbol: RESET
   Definitions
      At line 1 in file q2\q2.s
   Uses
      None
Comment: RESET unused
__Vectors 00000000

Symbol: __Vectors
   Definitions
      At line 4 in file q2\q2.s
   Uses
      At line 2 in file q2\q2.s
Comment: __Vectors used once
2 symbols



ARM Macro Assembler    Page 1 Alphabetic symbol ordering
Relocatable symbols

Reset_Handler 00000000

Symbol: Reset_Handler
   Definitions
      At line 13 in file q2\q2.s
   Uses
      At line 7 in file q2\q2.s
      At line 11 in file q2\q2.s

down1 0000001C

Symbol: down1
   Definitions
      At line 27 in file q2\q2.s
   Uses
      At line 24 in file q2\q2.s
Comment: down1 used once
down2 0000002A

Symbol: down2
   Definitions
      At line 31 in file q2\q2.s
   Uses
      At line 26 in file q2\q2.s
Comment: down2 used once
fact 0000000E

Symbol: fact
   Definitions
      At line 21 in file q2\q2.s
   Uses
      At line 18 in file q2\q2.s
      At line 28 in file q2\q2.s

input 00000030

Symbol: input
   Definitions
      At line 34 in file q2\q2.s
   Uses
      At line 15 in file q2\q2.s
Comment: input used once
mycode 00000000

Symbol: mycode
   Definitions
      At line 9 in file q2\q2.s
   Uses
      None
Comment: mycode unused
stop 0000000C

Symbol: stop
   Definitions
      At line 20 in file q2\q2.s
   Uses
      At line 20 in file q2\q2.s
Comment: stop used once
7 symbols



ARM Macro Assembler    Page 1 Alphabetic symbol ordering
Relocatable symbols

mydata 00000000

Symbol: mydata
   Definitions
      At line 35 in file q2\q2.s
   Uses
      None
Comment: mydata unused
result 00000000

Symbol: result
   Definitions
      At line 36 in file q2\q2.s
   Uses
      At line 16 in file q2\q2.s
Comment: result used once
2 symbols
344 symbols in table
